[ 2018-05-13T09:02:49+08:00 ] 127.0.0.1 /library/index.php/library/index.php/Admin/Checkrecord/checkrecord.html
INFO: [ app_init ] --START--
INFO: Run Behavior\BuildLiteBehavior [ RunTime:0.000000s ]
INFO: [ app_init ] --END-- [ RunTime:0.000000s ]
ERR: 无法加载模块:Library

[ 2018-05-13T09:07:02+08:00 ] 127.0.0.1 /library/index.php/library/index.php/Admin/Checkrecord/checkrecord.html
INFO: [ app_init ] --START--
INFO: Run Behavior\BuildLiteBehavior [ RunTime:0.000000s ]
INFO: [ app_init ] --END-- [ RunTime:0.001000s ]
ERR: 无法加载模块:Library

[ 2018-05-13T09:07:05+08:00 ] 127.0.0.1 /library/index.php/library/index.php/Admin/Checkrecord/checkrecord.html
INFO: [ app_init ] --START--
INFO: Run Behavior\BuildLiteBehavior [ RunTime:0.000000s ]
INFO: [ app_init ] --END-- [ RunTime:0.001000s ]
ERR: 无法加载模块:Library

[ 2018-05-13T09:07:06+08:00 ] 127.0.0.1 /library/index.php/library/index.php/Admin/Checkrecord/checkrecord.html
INFO: [ app_init ] --START--
INFO: Run Behavior\BuildLiteBehavior [ RunTime:0.000000s ]
INFO: [ app_init ] --END-- [ RunTime:0.000000s ]
ERR: 无法加载模块:Library

